Using pre-set license
Built from '2021.3/staging' branch; Version is '2021.3.21f1 (1b156197d683) revision 1774945'; Using compiler version '192829333'; Build Type 'Release'
OS: 'Windows 10  (10.0.19045) 64bit Enterprise' Language: 'tr' Physical Memory: 16215 MB
BatchMode: 1, IsHumanControllingUs: 0, StartBugReporterOnCrash: 0, Is64bit: 1, IsPro: 1

COMMAND LINE ARGUMENTS:
E:\Unity Hub\2021.3.21f1\Editor\Unity.exe
-adb2
-batchMode
-noUpm
-name
AssetImportWorker0
-projectPath
E:/porjeoyun/TPS/TPS
-logFile
Logs/AssetImportWorker0.log
-srvPort
64907
Successfully changed project path to: E:/porjeoyun/TPS/TPS
E:/porjeoyun/TPS/TPS
[UnityMemory] Configuration Parameters - Can be set up in boot.config
    "memorysetup-bucket-allocator-granularity=16"
    "memorysetup-bucket-allocator-bucket-count=8"
    "memorysetup-bucket-allocator-block-size=33554432"
    "memorysetup-bucket-allocator-block-count=8"
    "memorysetup-main-allocator-block-size=16777216"
    "memorysetup-thread-allocator-block-size=16777216"
    "memorysetup-gfx-main-allocator-block-size=16777216"
    "memorysetup-gfx-thread-allocator-block-size=16777216"
    "memorysetup-cache-allocator-block-size=4194304"
    "memorysetup-typetree-allocator-block-size=2097152"
    "memorysetup-profiler-bucket-allocator-granularity=16"
    "memorysetup-profiler-bucket-allocator-bucket-count=8"
    "memorysetup-profiler-bucket-allocator-block-size=33554432"
    "memorysetup-profiler-bucket-allocator-block-count=8"
    "memorysetup-profiler-allocator-block-size=16777216"
    "memorysetup-profiler-editor-allocator-block-size=1048576"
    "memorysetup-temp-allocator-size-main=16777216"
    "memorysetup-job-temp-allocator-block-size=2097152"
    "memorysetup-job-temp-allocator-block-size-background=1048576"
    "memorysetup-job-temp-allocator-reduction-small-platforms=262144"
    "memorysetup-temp-allocator-size-background-worker=32768"
    "memorysetup-temp-allocator-size-job-worker=262144"
    "memorysetup-temp-allocator-size-preload-manager=33554432"
    "memorysetup-temp-allocator-size-nav-mesh-worker=65536"
    "memorysetup-temp-allocator-size-audio-worker=65536"
    "memorysetup-temp-allocator-size-cloud-worker=32768"
    "memorysetup-temp-allocator-size-gi-baking-worker=262144"
    "memorysetup-temp-allocator-size-gfx=262144"
Player connection [21220] Host "[IP] 192.168.1.107 [Port] 0 [Flags] 2 [Guid] 501896189 [EditorId] 501896189 [Version] 1048832 [Id] WindowsEditor(7,DESKTOP-29DEF0K) [Debug] 1 [PackageName] WindowsEditor [ProjectName] Editor" joined multi-casting on [225.0.0.222:54997]...

Player connection [21220] Host "[IP] 192.168.1.107 [Port] 0 [Flags] 2 [Guid] 501896189 [EditorId] 501896189 [Version] 1048832 [Id] WindowsEditor(7,DESKTOP-29DEF0K) [Debug] 1 [PackageName] WindowsEditor [ProjectName] Editor" joined alternative multi-casting on [225.0.0.222:34997]...

Refreshing native plugins compatible for Editor in 220.45 ms, found 3 plugins.
Preloading 0 native plugins for Editor in 0.00 ms.
Initialize engine version: 2021.3.21f1 (1b156197d683)
[Subsystems] Discovering subsystems at path E:/Unity Hub/2021.3.21f1/Editor/Data/Resources/UnitySubsystems
[Subsystems] Discovering subsystems at path E:/porjeoyun/TPS/TPS/Assets
GfxDevice: creating device client; threaded=0; jobified=0
Direct3D:
    Version:  Direct3D 11.0 [level 11.1]
    Renderer: NVIDIA GeForce RTX 3060 Laptop GPU (ID=0x2520)
    Vendor:   NVIDIA
    VRAM:     6009 MB
    Driver:   31.0.15.3168
Initialize mono
Mono path[0] = 'E:/Unity Hub/2021.3.21f1/Editor/Data/Managed'
Mono path[1] = 'E:/Unity Hub/2021.3.21f1/Editor/Data/MonoBleedingEdge/lib/mono/unityjit-win32'
Mono config path = 'E:/Unity Hub/2021.3.21f1/Editor/Data/MonoBleedingEdge/etc'
Using monoOptions --debugger-agent=transport=dt_socket,embedding=1,server=y,suspend=n,address=127.0.0.1:56004
Begin MonoManager ReloadAssembly
Registering precompiled unity dll's ...
Register platform support module: E:/Unity Hub/2021.3.21f1/Editor/Data/PlaybackEngines/WebGLSupport/UnityEditor.WebGL.Extensions.dll
Register platform support module: E:/Unity Hub/2021.3.21f1/Editor/Data/PlaybackEngines/WindowsStandaloneSupport/UnityEditor.WindowsStandalone.Extensions.dll
Registered in 0.004213 seconds.
Native extension for WindowsStandalone target not found
Native extension for WebGL target not found
Refreshing native plugins compatible for Editor in 163.30 ms, found 3 plugins.
Preloading 0 native plugins for Editor in 0.00 ms.
Mono: successfully reloaded assembly
- Completed reload, in  1.425 seconds
Domain Reload Profiling:
	ReloadAssembly (1426ms)
		BeginReloadAssembly (273ms)
			ExecutionOrderSort (0ms)
			DisableScriptedObjects (0ms)
			BackupInstance (0ms)
			ReleaseScriptingObjects (0ms)
			CreateAndSetChildDomain (2ms)
		EndReloadAssembly (910ms)
			LoadAssemblies (269ms)
			RebuildTransferFunctionScriptingTraits (0ms)
			SetupTypeCache (228ms)
			ReleaseScriptCaches (0ms)
			RebuildScriptCaches (140ms)
			SetupLoadedEditorAssemblies (427ms)
				LogAssemblyErrors (0ms)
				InitializePlatformSupportModulesInManaged (14ms)
				SetLoadedEditorAssemblies (0ms)
				RefreshPlugins (163ms)
				BeforeProcessingInitializeOnLoad (1ms)
				ProcessInitializeOnLoadAttributes (160ms)
				ProcessInitializeOnLoadMethodAttributes (88ms)
				AfterProcessingInitializeOnLoad (0ms)
				EditorAssembliesLoaded (0ms)
			ExecutionOrderSort2 (0ms)
			AwakeInstancesAfterBackupRestoration (0ms)
Platform modules already initialized, skipping
Registering precompiled user dll's ...
Registered in 0.004967 seconds.
Begin MonoManager ReloadAssembly
Symbol file LoadedFromMemory doesn't match image E:\porjeoyun\TPS\TPS\Library\PackageCache\com.unity.visualscripting@1.8.0\Editor\VisualScripting.Core\Dependencies\YamlDotNet\Unity.VisualScripting.YamlDotNet.dll
Symbol file LoadedFromMemory doesn't match image E:\porjeoyun\TPS\TPS\Library\PackageCache\com.unity.visualscripting@1.8.0\Editor\VisualScripting.Core\Dependencies\DotNetZip\Unity.VisualScripting.IonicZip.dll
Native extension for WindowsStandalone target not found
Native extension for WebGL target not found
Refreshing native plugins compatible for Editor in 0.97 ms, found 3 plugins.
Preloading 0 native plugins for Editor in 0.00 ms.
Mono: successfully reloaded assembly
- Completed reload, in  2.124 seconds
Domain Reload Profiling:
	ReloadAssembly (2125ms)
		BeginReloadAssembly (358ms)
			ExecutionOrderSort (0ms)
			DisableScriptedObjects (11ms)
			BackupInstance (0ms)
			ReleaseScriptingObjects (0ms)
			CreateAndSetChildDomain (109ms)
		EndReloadAssembly (1513ms)
			LoadAssemblies (228ms)
			RebuildTransferFunctionScriptingTraits (0ms)
			SetupTypeCache (747ms)
			ReleaseScriptCaches (1ms)
			RebuildScriptCaches (86ms)
			SetupLoadedEditorAssemblies (475ms)
				LogAssemblyErrors (0ms)
				InitializePlatformSupportModulesInManaged (11ms)
				SetLoadedEditorAssemblies (1ms)
				RefreshPlugins (1ms)
				BeforeProcessingInitializeOnLoad (109ms)
				ProcessInitializeOnLoadAttributes (332ms)
				ProcessInitializeOnLoadMethodAttributes (18ms)
				AfterProcessingInitializeOnLoad (3ms)
				EditorAssembliesLoaded (0ms)
			ExecutionOrderSort2 (0ms)
			AwakeInstancesAfterBackupRestoration (6ms)
Platform modules already initialized, skipping
========================================================================
Worker process is ready to serve import requests
Launched and connected shader compiler UnityShaderCompiler.exe after 0.05 seconds
Refreshing native plugins compatible for Editor in 0.90 ms, found 3 plugins.
Preloading 0 native plugins for Editor in 0.00 ms.
Unloading 3103 Unused Serialized files (Serialized files now loaded: 0)
Unloading 24 unused Assets / (113.7 KB). Loaded Objects now: 3572.
Memory consumption went from 112.8 MB to 112.6 MB.
Total: 3.994800 ms (FindLiveObjects: 0.448300 ms CreateObjectMapping: 0.386100 ms MarkObjects: 3.037500 ms  DeleteObjects: 0.121700 ms)

AssetImportParameters requested are different than current active one (requested -> active):
  custom:video-decoder-ogg-theora: a1e56fd34408186e4bbccfd4996cb3dc -> 
  custom:container-muxer-webm: aa71ff27fc2769a1b78a27578f13a17b -> 
  custom:container-demuxer-webm: 4f35f7cbe854078d1ac9338744f61a02 -> 
  custom:video-encoder-webm-vp8: eb34c28f22e8b96e1ab97ce403110664 -> 
  custom:audio-encoder-webm-vorbis: bf7c407c2cedff20999df2af8eb42d56 -> 
  custom:framework-win-MediaFoundation: 216162199b28c13a410421893ffa2e32 -> 
  custom:container-demuxer-ogg: 62fdf1f143b41e24485cea50d1cbac27 -> 
  custom:video-decoder-webm-vp8: 9c59270c3fd7afecdb556c50c9e8de78 -> 
  custom:audio-decoder-ogg-vorbis: bf7c407c2cedff20999df2af8eb42d56 -> 
========================================================================
Received Import Request.
  Time since last request: 1077510.570727 seconds.
  path: Assets/Oyuncu/kodlar/Rifle.cs
  artifactKey: Guid(0ecf2ba3b72811a4d8ca30c65021fb20) Importer(815301076,1909f56bfc062723c751e8b465ee728b)
Start importing Assets/Oyuncu/kodlar/Rifle.cs using Guid(0ecf2ba3b72811a4d8ca30c65021fb20) Importer(815301076,1909f56bfc062723c751e8b465ee728b)  -> (artifact id: 'f02f1075bc672e5313dc616e963786b1') in 0.040531 seconds 
========================================================================
Received Import Request.
  Time since last request: 0.000027 seconds.
  path: Assets/Oyuncu/kodlar/elattack.cs
  artifactKey: Guid(09884f57cbe75c84e858fe3f3c5e2cbf) Importer(815301076,1909f56bfc062723c751e8b465ee728b)
Start importing Assets/Oyuncu/kodlar/elattack.cs using Guid(09884f57cbe75c84e858fe3f3c5e2cbf) Importer(815301076,1909f56bfc062723c751e8b465ee728b)  -> (artifact id: '33128ed44641dd943cb0ae660bb5444a') in 0.008422 seconds 
========================================================================
Received Import Request.
  Time since last request: 430.023466 seconds.
  path: Assets/Oyuncu/kodlar/Rifle.cs
  artifactKey: Guid(0ecf2ba3b72811a4d8ca30c65021fb20) Importer(815301076,1909f56bfc062723c751e8b465ee728b)
Start importing Assets/Oyuncu/kodlar/Rifle.cs using Guid(0ecf2ba3b72811a4d8ca30c65021fb20) Importer(815301076,1909f56bfc062723c751e8b465ee728b)  -> (artifact id: '11ef82d7becb3382066c904f26f83104') in 0.002135 seconds 
========================================================================
Received Prepare
Registering precompiled user dll's ...
Registered in 0.003661 seconds.
Begin MonoManager ReloadAssembly
Symbol file LoadedFromMemory doesn't match image E:\porjeoyun\TPS\TPS\Library\PackageCache\com.unity.visualscripting@1.8.0\Editor\VisualScripting.Core\Dependencies\YamlDotNet\Unity.VisualScripting.YamlDotNet.dll
Symbol file LoadedFromMemory doesn't match image E:\porjeoyun\TPS\TPS\Library\PackageCache\com.unity.visualscripting@1.8.0\Editor\VisualScripting.Core\Dependencies\DotNetZip\Unity.VisualScripting.IonicZip.dll
Native extension for WindowsStandalone target not found
Native extension for WebGL target not found
Refreshing native plugins compatible for Editor in 0.92 ms, found 3 plugins.
Preloading 0 native plugins for Editor in 0.00 ms.
Mono: successfully reloaded assembly
- Completed reload, in  1.097 seconds
Domain Reload Profiling:
	ReloadAssembly (1098ms)
		BeginReloadAssembly (196ms)
			ExecutionOrderSort (0ms)
			DisableScriptedObjects (6ms)
			BackupInstance (0ms)
			ReleaseScriptingObjects (0ms)
			CreateAndSetChildDomain (52ms)
		EndReloadAssembly (796ms)
			LoadAssemblies (139ms)
			RebuildTransferFunctionScriptingTraits (0ms)
			SetupTypeCache (292ms)
			ReleaseScriptCaches (1ms)
			RebuildScriptCaches (42ms)
			SetupLoadedEditorAssemblies (322ms)
				LogAssemblyErrors (0ms)
				InitializePlatformSupportModulesInManaged (6ms)
				SetLoadedEditorAssemblies (0ms)
				RefreshPlugins (1ms)
				BeforeProcessingInitializeOnLoad (59ms)
				ProcessInitializeOnLoadAttributes (230ms)
				ProcessInitializeOnLoadMethodAttributes (22ms)
				AfterProcessingInitializeOnLoad (3ms)
				EditorAssembliesLoaded (0ms)
			ExecutionOrderSort2 (0ms)
			AwakeInstancesAfterBackupRestoration (6ms)
Platform modules already initialized, skipping
Refreshing native plugins compatible for Editor in 2.72 ms, found 3 plugins.
Preloading 0 native plugins for Editor in 0.00 ms.
Unloading 3085 Unused Serialized files (Serialized files now loaded: 0)
Unloading 17 unused Assets / (80.5 KB). Loaded Objects now: 3575.
Memory consumption went from 111.3 MB to 111.2 MB.
Total: 4.299900 ms (FindLiveObjects: 0.540200 ms CreateObjectMapping: 0.244500 ms MarkObjects: 3.392000 ms  DeleteObjects: 0.121600 ms)

AssetImportParameters requested are different than current active one (requested -> active):
  custom:video-decoder-ogg-theora: a1e56fd34408186e4bbccfd4996cb3dc -> 
  custom:container-muxer-webm: aa71ff27fc2769a1b78a27578f13a17b -> 
  custom:container-demuxer-webm: 4f35f7cbe854078d1ac9338744f61a02 -> 
  custom:video-encoder-webm-vp8: eb34c28f22e8b96e1ab97ce403110664 -> 
  custom:audio-encoder-webm-vorbis: bf7c407c2cedff20999df2af8eb42d56 -> 
  custom:framework-win-MediaFoundation: 216162199b28c13a410421893ffa2e32 -> 
  custom:container-demuxer-ogg: 62fdf1f143b41e24485cea50d1cbac27 -> 
  custom:video-decoder-webm-vp8: 9c59270c3fd7afecdb556c50c9e8de78 -> 
  custom:audio-decoder-ogg-vorbis: bf7c407c2cedff20999df2af8eb42d56 -> 
========================================================================
Received Prepare
Registering precompiled user dll's ...
Registered in 0.003841 seconds.
Begin MonoManager ReloadAssembly
Symbol file LoadedFromMemory doesn't match image E:\porjeoyun\TPS\TPS\Library\PackageCache\com.unity.visualscripting@1.8.0\Editor\VisualScripting.Core\Dependencies\YamlDotNet\Unity.VisualScripting.YamlDotNet.dll
Symbol file LoadedFromMemory doesn't match image E:\porjeoyun\TPS\TPS\Library\PackageCache\com.unity.visualscripting@1.8.0\Editor\VisualScripting.Core\Dependencies\DotNetZip\Unity.VisualScripting.IonicZip.dll
Native extension for WindowsStandalone target not found
Native extension for WebGL target not found
Refreshing native plugins compatible for Editor in 0.55 ms, found 3 plugins.
Preloading 0 native plugins for Editor in 0.00 ms.
Mono: successfully reloaded assembly
- Completed reload, in  1.120 seconds
Domain Reload Profiling:
	ReloadAssembly (1122ms)
		BeginReloadAssembly (148ms)
			ExecutionOrderSort (0ms)
			DisableScriptedObjects (7ms)
			BackupInstance (0ms)
			ReleaseScriptingObjects (0ms)
			CreateAndSetChildDomain (37ms)
		EndReloadAssembly (868ms)
			LoadAssemblies (96ms)
			RebuildTransferFunctionScriptingTraits (0ms)
			SetupTypeCache (352ms)
			ReleaseScriptCaches (2ms)
			RebuildScriptCaches (46ms)
			SetupLoadedEditorAssemblies (324ms)
				LogAssemblyErrors (0ms)
				InitializePlatformSupportModulesInManaged (6ms)
				SetLoadedEditorAssemblies (1ms)
				RefreshPlugins (1ms)
				BeforeProcessingInitializeOnLoad (67ms)
				ProcessInitializeOnLoadAttributes (228ms)
				ProcessInitializeOnLoadMethodAttributes (20ms)
				AfterProcessingInitializeOnLoad (3ms)
				EditorAssembliesLoaded (0ms)
			ExecutionOrderSort2 (0ms)
			AwakeInstancesAfterBackupRestoration (6ms)
Platform modules already initialized, skipping
Refreshing native plugins compatible for Editor in 1.85 ms, found 3 plugins.
Preloading 0 native plugins for Editor in 0.00 ms.
Unloading 3085 Unused Serialized files (Serialized files now loaded: 0)
Unloading 17 unused Assets / (80.4 KB). Loaded Objects now: 3578.
Memory consumption went from 111.3 MB to 111.2 MB.
Total: 4.266200 ms (FindLiveObjects: 0.380700 ms CreateObjectMapping: 0.348700 ms MarkObjects: 3.358900 ms  DeleteObjects: 0.176300 ms)

AssetImportParameters requested are different than current active one (requested -> active):
  custom:video-decoder-ogg-theora: a1e56fd34408186e4bbccfd4996cb3dc -> 
  custom:container-muxer-webm: aa71ff27fc2769a1b78a27578f13a17b -> 
  custom:container-demuxer-webm: 4f35f7cbe854078d1ac9338744f61a02 -> 
  custom:video-encoder-webm-vp8: eb34c28f22e8b96e1ab97ce403110664 -> 
  custom:audio-encoder-webm-vorbis: bf7c407c2cedff20999df2af8eb42d56 -> 
  custom:framework-win-MediaFoundation: 216162199b28c13a410421893ffa2e32 -> 
  custom:container-demuxer-ogg: 62fdf1f143b41e24485cea50d1cbac27 -> 
  custom:video-decoder-webm-vp8: 9c59270c3fd7afecdb556c50c9e8de78 -> 
  custom:audio-decoder-ogg-vorbis: bf7c407c2cedff20999df2af8eb42d56 -> 
========================================================================
Received Import Request.
  Time since last request: 217.005520 seconds.
  path: Assets/Oyuncu/kodlar/Rifle.cs
  artifactKey: Guid(0ecf2ba3b72811a4d8ca30c65021fb20) Importer(815301076,1909f56bfc062723c751e8b465ee728b)
Start importing Assets/Oyuncu/kodlar/Rifle.cs using Guid(0ecf2ba3b72811a4d8ca30c65021fb20) Importer(815301076,1909f56bfc062723c751e8b465ee728b)  -> (artifact id: '1d6dd75c00d011b2e565084032f86377') in 0.010944 seconds 
========================================================================
Received Import Request.
  Time since last request: 5.068723 seconds.
  path: Assets/Oyuncu/kodlar/Rifle.cs
  artifactKey: Guid(0ecf2ba3b72811a4d8ca30c65021fb20) Importer(815301076,1909f56bfc062723c751e8b465ee728b)
Start importing Assets/Oyuncu/kodlar/Rifle.cs using Guid(0ecf2ba3b72811a4d8ca30c65021fb20) Importer(815301076,1909f56bfc062723c751e8b465ee728b)  -> (artifact id: 'e4f05aa53b02f1e7806d6902946dc132') in 0.002299 seconds 
========================================================================
Received Prepare
Registering precompiled user dll's ...
Registered in 0.004087 seconds.
Begin MonoManager ReloadAssembly
Symbol file LoadedFromMemory doesn't match image E:\porjeoyun\TPS\TPS\Library\PackageCache\com.unity.visualscripting@1.8.0\Editor\VisualScripting.Core\Dependencies\YamlDotNet\Unity.VisualScripting.YamlDotNet.dll
Symbol file LoadedFromMemory doesn't match image E:\porjeoyun\TPS\TPS\Library\PackageCache\com.unity.visualscripting@1.8.0\Editor\VisualScripting.Core\Dependencies\DotNetZip\Unity.VisualScripting.IonicZip.dll
Native extension for WindowsStandalone target not found
Native extension for WebGL target not found
Refreshing native plugins compatible for Editor in 2.77 ms, found 3 plugins.
Preloading 0 native plugins for Editor in 0.00 ms.
Mono: successfully reloaded assembly
- Completed reload, in  1.263 seconds
Domain Reload Profiling:
	ReloadAssembly (1264ms)
		BeginReloadAssembly (162ms)
			ExecutionOrderSort (0ms)
			DisableScriptedObjects (7ms)
			BackupInstance (0ms)
			ReleaseScriptingObjects (0ms)
			CreateAndSetChildDomain (42ms)
		EndReloadAssembly (993ms)
			LoadAssemblies (100ms)
			RebuildTransferFunctionScriptingTraits (0ms)
			SetupTypeCache (323ms)
			ReleaseScriptCaches (1ms)
			RebuildScriptCaches (77ms)
			SetupLoadedEditorAssemblies (423ms)
				LogAssemblyErrors (0ms)
				InitializePlatformSupportModulesInManaged (13ms)
				SetLoadedEditorAssemblies (1ms)
				RefreshPlugins (3ms)
				BeforeProcessingInitializeOnLoad (84ms)
				ProcessInitializeOnLoadAttributes (288ms)
				ProcessInitializeOnLoadMethodAttributes (30ms)
				AfterProcessingInitializeOnLoad (4ms)
				EditorAssembliesLoaded (0ms)
			ExecutionOrderSort2 (0ms)
			AwakeInstancesAfterBackupRestoration (10ms)
Platform modules already initialized, skipping
Refreshing native plugins compatible for Editor in 4.22 ms, found 3 plugins.
Preloading 0 native plugins for Editor in 0.00 ms.
Unloading 3085 Unused Serialized files (Serialized files now loaded: 0)
Unloading 17 unused Assets / (80.5 KB). Loaded Objects now: 3581.
Memory consumption went from 111.3 MB to 111.2 MB.
Total: 4.735900 ms (FindLiveObjects: 0.293000 ms CreateObjectMapping: 0.334300 ms MarkObjects: 3.959100 ms  DeleteObjects: 0.147800 ms)

AssetImportParameters requested are different than current active one (requested -> active):
  custom:video-decoder-ogg-theora: a1e56fd34408186e4bbccfd4996cb3dc -> 
  custom:container-muxer-webm: aa71ff27fc2769a1b78a27578f13a17b -> 
  custom:container-demuxer-webm: 4f35f7cbe854078d1ac9338744f61a02 -> 
  custom:video-encoder-webm-vp8: eb34c28f22e8b96e1ab97ce403110664 -> 
  custom:audio-encoder-webm-vorbis: bf7c407c2cedff20999df2af8eb42d56 -> 
  custom:framework-win-MediaFoundation: 216162199b28c13a410421893ffa2e32 -> 
  custom:container-demuxer-ogg: 62fdf1f143b41e24485cea50d1cbac27 -> 
  custom:video-decoder-webm-vp8: 9c59270c3fd7afecdb556c50c9e8de78 -> 
  custom:audio-decoder-ogg-vorbis: bf7c407c2cedff20999df2af8eb42d56 -> 
========================================================================
Received Import Request.
  Time since last request: 991.952170 seconds.
  path: Assets/Oyuncu/kodlar/Oyuncuhareket.cs
  artifactKey: Guid(a45a567f07d93d249a9798ff522ccf76) Importer(815301076,1909f56bfc062723c751e8b465ee728b)
Start importing Assets/Oyuncu/kodlar/Oyuncuhareket.cs using Guid(a45a567f07d93d249a9798ff522ccf76) Importer(815301076,1909f56bfc062723c751e8b465ee728b)  -> (artifact id: '21644a3e20ad1c7b65e95826c30919fe') in 0.006108 seconds 
========================================================================
Received Import Request.
  Time since last request: 66.195877 seconds.
  path: Assets/Oyuncu/kodlar/Oyuncuhareket.cs
  artifactKey: Guid(a45a567f07d93d249a9798ff522ccf76) Importer(815301076,1909f56bfc062723c751e8b465ee728b)
Start importing Assets/Oyuncu/kodlar/Oyuncuhareket.cs using Guid(a45a567f07d93d249a9798ff522ccf76) Importer(815301076,1909f56bfc062723c751e8b465ee728b)  -> (artifact id: 'bb638cb1fe7a804e303cfc7e308095ad') in 0.003164 seconds 
========================================================================
Received Prepare
Registering precompiled user dll's ...
Registered in 0.003869 seconds.
Begin MonoManager ReloadAssembly
Symbol file LoadedFromMemory doesn't match image E:\porjeoyun\TPS\TPS\Library\PackageCache\com.unity.visualscripting@1.8.0\Editor\VisualScripting.Core\Dependencies\YamlDotNet\Unity.VisualScripting.YamlDotNet.dll
Symbol file LoadedFromMemory doesn't match image E:\porjeoyun\TPS\TPS\Library\PackageCache\com.unity.visualscripting@1.8.0\Editor\VisualScripting.Core\Dependencies\DotNetZip\Unity.VisualScripting.IonicZip.dll
Native extension for WindowsStandalone target not found
Native extension for WebGL target not found
Refreshing native plugins compatible for Editor in 0.58 ms, found 3 plugins.
Preloading 0 native plugins for Editor in 0.00 ms.
Mono: successfully reloaded assembly
- Completed reload, in  1.134 seconds
Domain Reload Profiling:
	ReloadAssembly (1135ms)
		BeginReloadAssembly (156ms)
			ExecutionOrderSort (0ms)
			DisableScriptedObjects (8ms)
			BackupInstance (0ms)
			ReleaseScriptingObjects (0ms)
			CreateAndSetChildDomain (37ms)
		EndReloadAssembly (872ms)
			LoadAssemblies (98ms)
			RebuildTransferFunctionScriptingTraits (0ms)
			SetupTypeCache (377ms)
			ReleaseScriptCaches (2ms)
			RebuildScriptCaches (59ms)
			SetupLoadedEditorAssemblies (304ms)
				LogAssemblyErrors (0ms)
				InitializePlatformSupportModulesInManaged (6ms)
				SetLoadedEditorAssemblies (1ms)
				RefreshPlugins (1ms)
				BeforeProcessingInitializeOnLoad (63ms)
				ProcessInitializeOnLoadAttributes (210ms)
				ProcessInitializeOnLoadMethodAttributes (19ms)
				AfterProcessingInitializeOnLoad (4ms)
				EditorAssembliesLoaded (0ms)
			ExecutionOrderSort2 (0ms)
			AwakeInstancesAfterBackupRestoration (7ms)
Platform modules already initialized, skipping
Refreshing native plugins compatible for Editor in 1.50 ms, found 3 plugins.
Preloading 0 native plugins for Editor in 0.00 ms.
Unloading 3085 Unused Serialized files (Serialized files now loaded: 0)
Unloading 17 unused Assets / (80.3 KB). Loaded Objects now: 3584.
Memory consumption went from 111.3 MB to 111.2 MB.
Total: 2.670400 ms (FindLiveObjects: 0.244000 ms CreateObjectMapping: 0.173000 ms MarkObjects: 2.167900 ms  DeleteObjects: 0.084800 ms)

AssetImportParameters requested are different than current active one (requested -> active):
  custom:video-decoder-ogg-theora: a1e56fd34408186e4bbccfd4996cb3dc -> 
  custom:container-muxer-webm: aa71ff27fc2769a1b78a27578f13a17b -> 
  custom:container-demuxer-webm: 4f35f7cbe854078d1ac9338744f61a02 -> 
  custom:video-encoder-webm-vp8: eb34c28f22e8b96e1ab97ce403110664 -> 
  custom:audio-encoder-webm-vorbis: bf7c407c2cedff20999df2af8eb42d56 -> 
  custom:framework-win-MediaFoundation: 216162199b28c13a410421893ffa2e32 -> 
  custom:container-demuxer-ogg: 62fdf1f143b41e24485cea50d1cbac27 -> 
  custom:video-decoder-webm-vp8: 9c59270c3fd7afecdb556c50c9e8de78 -> 
  custom:audio-decoder-ogg-vorbis: bf7c407c2cedff20999df2af8eb42d56 -> 
========================================================================
Received Import Request.
  Time since last request: 118.201134 seconds.
  path: Assets/Oyuncu/GameObject.prefab
  artifactKey: Guid(8f6c52c1a414cb34ea4fea9e47420a15) Importer(815301076,1909f56bfc062723c751e8b465ee728b)
Start importing Assets/Oyuncu/GameObject.prefab using Guid(8f6c52c1a414cb34ea4fea9e47420a15) Importer(815301076,1909f56bfc062723c751e8b465ee728b)  -> (artifact id: '63a77f8f43f69a9ef13e023f6946de87') in 0.441663 seconds 
========================================================================
Received Import Request.
  Time since last request: 12.488693 seconds.
  path: Assets/düşman/canbarıartırma.cs
  artifactKey: Guid(9559e97ee60ae614d991bc670c602f3b) Importer(815301076,1909f56bfc062723c751e8b465ee728b)
Start importing Assets/düşman/canbarıartırma.cs using Guid(9559e97ee60ae614d991bc670c602f3b) Importer(815301076,1909f56bfc062723c751e8b465ee728b)  -> (artifact id: '54d29947f1c822554b75e8e3e8fa7134') in 0.007221 seconds 
========================================================================
Received Import Request.
  Time since last request: 143.865320 seconds.
  path: Assets/düşman/crab-monster Variant.prefab
  artifactKey: Guid(fccc5ef3fdf3a9049b6c5ad1c031198d) Importer(815301076,1909f56bfc062723c751e8b465ee728b)
Start importing Assets/düşman/crab-monster Variant.prefab using Guid(fccc5ef3fdf3a9049b6c5ad1c031198d) Importer(815301076,1909f56bfc062723c751e8b465ee728b)  -> (artifact id: '4805300ff66c1a7c4933ad7e4b8cd4c3') in 0.640378 seconds 
========================================================================
Received Prepare
Registering precompiled user dll's ...
Registered in 0.003821 seconds.
Begin MonoManager ReloadAssembly
Symbol file LoadedFromMemory doesn't match image E:\porjeoyun\TPS\TPS\Library\PackageCache\com.unity.visualscripting@1.8.0\Editor\VisualScripting.Core\Dependencies\YamlDotNet\Unity.VisualScripting.YamlDotNet.dll
Symbol file LoadedFromMemory doesn't match image E:\porjeoyun\TPS\TPS\Library\PackageCache\com.unity.visualscripting@1.8.0\Editor\VisualScripting.Core\Dependencies\DotNetZip\Unity.VisualScripting.IonicZip.dll
Native extension for WindowsStandalone target not found
Native extension for WebGL target not found
Refreshing native plugins compatible for Editor in 0.68 ms, found 3 plugins.
Preloading 0 native plugins for Editor in 0.00 ms.
Mono: successfully reloaded assembly
- Completed reload, in  1.204 seconds
Domain Reload Profiling:
	ReloadAssembly (1205ms)
		BeginReloadAssembly (158ms)
			ExecutionOrderSort (0ms)
			DisableScriptedObjects (5ms)
			BackupInstance (0ms)
			ReleaseScriptingObjects (0ms)
			CreateAndSetChildDomain (40ms)
		EndReloadAssembly (932ms)
			LoadAssemblies (112ms)
			RebuildTransferFunctionScriptingTraits (0ms)
			SetupTypeCache (449ms)
			ReleaseScriptCaches (2ms)
			RebuildScriptCaches (55ms)
			SetupLoadedEditorAssemblies (284ms)
				LogAssemblyErrors (0ms)
				InitializePlatformSupportModulesInManaged (7ms)
				SetLoadedEditorAssemblies (1ms)
				RefreshPlugins (1ms)
				BeforeProcessingInitializeOnLoad (59ms)
				ProcessInitializeOnLoadAttributes (196ms)
				ProcessInitializeOnLoadMethodAttributes (18ms)
				AfterProcessingInitializeOnLoad (3ms)
				EditorAssembliesLoaded (0ms)
			ExecutionOrderSort2 (0ms)
			AwakeInstancesAfterBackupRestoration (6ms)
Platform modules already initialized, skipping
Refreshing native plugins compatible for Editor in 1.39 ms, found 3 plugins.
Preloading 0 native plugins for Editor in 0.00 ms.
Unloading 3085 Unused Serialized files (Serialized files now loaded: 0)
Unloading 17 unused Assets / (80.5 KB). Loaded Objects now: 3597.
Memory consumption went from 128.4 MB to 128.3 MB.
Total: 4.028200 ms (FindLiveObjects: 0.289400 ms CreateObjectMapping: 0.319400 ms MarkObjects: 3.286700 ms  DeleteObjects: 0.131500 ms)

AssetImportParameters requested are different than current active one (requested -> active):
  custom:video-decoder-ogg-theora: a1e56fd34408186e4bbccfd4996cb3dc -> 
  custom:container-muxer-webm: aa71ff27fc2769a1b78a27578f13a17b -> 
  custom:container-demuxer-webm: 4f35f7cbe854078d1ac9338744f61a02 -> 
  custom:video-encoder-webm-vp8: eb34c28f22e8b96e1ab97ce403110664 -> 
  custom:audio-encoder-webm-vorbis: bf7c407c2cedff20999df2af8eb42d56 -> 
  custom:framework-win-MediaFoundation: 216162199b28c13a410421893ffa2e32 -> 
  custom:container-demuxer-ogg: 62fdf1f143b41e24485cea50d1cbac27 -> 
  custom:video-decoder-webm-vp8: 9c59270c3fd7afecdb556c50c9e8de78 -> 
  custom:audio-decoder-ogg-vorbis: bf7c407c2cedff20999df2af8eb42d56 -> 
========================================================================
Received Import Request.
  Time since last request: 57.589298 seconds.
  path: Assets/düşman/crab-monster Variant.prefab
  artifactKey: Guid(fccc5ef3fdf3a9049b6c5ad1c031198d) Importer(815301076,1909f56bfc062723c751e8b465ee728b)
Start importing Assets/düşman/crab-monster Variant.prefab using Guid(fccc5ef3fdf3a9049b6c5ad1c031198d) Importer(815301076,1909f56bfc062723c751e8b465ee728b)  -> (artifact id: '4805300ff66c1a7c4933ad7e4b8cd4c3') in 0.414584 seconds 
========================================================================
Received Prepare
Registering precompiled user dll's ...
Registered in 0.003880 seconds.
Begin MonoManager ReloadAssembly
Symbol file LoadedFromMemory doesn't match image E:\porjeoyun\TPS\TPS\Library\PackageCache\com.unity.visualscripting@1.8.0\Editor\VisualScripting.Core\Dependencies\YamlDotNet\Unity.VisualScripting.YamlDotNet.dll
Symbol file LoadedFromMemory doesn't match image E:\porjeoyun\TPS\TPS\Library\PackageCache\com.unity.visualscripting@1.8.0\Editor\VisualScripting.Core\Dependencies\DotNetZip\Unity.VisualScripting.IonicZip.dll
Native extension for WindowsStandalone target not found
Native extension for WebGL target not found
Refreshing native plugins compatible for Editor in 0.71 ms, found 3 plugins.
Preloading 0 native plugins for Editor in 0.00 ms.
Mono: successfully reloaded assembly
- Completed reload, in  1.163 seconds
Domain Reload Profiling:
	ReloadAssembly (1164ms)
		BeginReloadAssembly (146ms)
			ExecutionOrderSort (0ms)
			DisableScriptedObjects (7ms)
			BackupInstance (0ms)
			ReleaseScriptingObjects (0ms)
			CreateAndSetChildDomain (36ms)
		EndReloadAssembly (922ms)
			LoadAssemblies (96ms)
			RebuildTransferFunctionScriptingTraits (0ms)
			SetupTypeCache (348ms)
			ReleaseScriptCaches (2ms)
			RebuildScriptCaches (45ms)
			SetupLoadedEditorAssemblies (375ms)
				LogAssemblyErrors (0ms)
				InitializePlatformSupportModulesInManaged (7ms)
				SetLoadedEditorAssemblies (1ms)
				RefreshPlugins (1ms)
				BeforeProcessingInitializeOnLoad (79ms)
				ProcessInitializeOnLoadAttributes (263ms)
				ProcessInitializeOnLoadMethodAttributes (22ms)
				AfterProcessingInitializeOnLoad (4ms)
				EditorAssembliesLoaded (0ms)
			ExecutionOrderSort2 (0ms)
			AwakeInstancesAfterBackupRestoration (7ms)
Platform modules already initialized, skipping
Refreshing native plugins compatible for Editor in 2.01 ms, found 3 plugins.
Preloading 0 native plugins for Editor in 0.00 ms.
Unloading 3085 Unused Serialized files (Serialized files now loaded: 0)
Unloading 17 unused Assets / (80.3 KB). Loaded Objects now: 3600.
Memory consumption went from 128.4 MB to 128.4 MB.
Total: 3.204000 ms (FindLiveObjects: 0.294800 ms CreateObjectMapping: 0.348700 ms MarkObjects: 2.458100 ms  DeleteObjects: 0.101100 ms)

AssetImportParameters requested are different than current active one (requested -> active):
  custom:video-decoder-ogg-theora: a1e56fd34408186e4bbccfd4996cb3dc -> 
  custom:container-muxer-webm: aa71ff27fc2769a1b78a27578f13a17b -> 
  custom:container-demuxer-webm: 4f35f7cbe854078d1ac9338744f61a02 -> 
  custom:video-encoder-webm-vp8: eb34c28f22e8b96e1ab97ce403110664 -> 
  custom:audio-encoder-webm-vorbis: bf7c407c2cedff20999df2af8eb42d56 -> 
  custom:framework-win-MediaFoundation: 216162199b28c13a410421893ffa2e32 -> 
  custom:container-demuxer-ogg: 62fdf1f143b41e24485cea50d1cbac27 -> 
  custom:video-decoder-webm-vp8: 9c59270c3fd7afecdb556c50c9e8de78 -> 
  custom:audio-decoder-ogg-vorbis: bf7c407c2cedff20999df2af8eb42d56 -> 
========================================================================
Received Import Request.
  Time since last request: 4.701996 seconds.
  path: Assets/düşman/crab-monster Variant.prefab
  artifactKey: Guid(fccc5ef3fdf3a9049b6c5ad1c031198d) Importer(815301076,1909f56bfc062723c751e8b465ee728b)
Start importing Assets/düşman/crab-monster Variant.prefab using Guid(fccc5ef3fdf3a9049b6c5ad1c031198d) Importer(815301076,1909f56bfc062723c751e8b465ee728b)  -> (artifact id: '1f85360a8eec985795b8b5337d57d0b8') in 0.476431 seconds 
========================================================================
Received Import Request.
  Time since last request: 202.672790 seconds.
  path: Assets/düşman/kodlar/düşman.cs
  artifactKey: Guid(9e4feb90688a38e48a00c09dd0b8efcd) Importer(815301076,1909f56bfc062723c751e8b465ee728b)
Start importing Assets/düşman/kodlar/düşman.cs using Guid(9e4feb90688a38e48a00c09dd0b8efcd) Importer(815301076,1909f56bfc062723c751e8b465ee728b)  -> (artifact id: 'cbd2421a817a2678967f8375615a4db0') in 0.007393 seconds 
========================================================================
Received Import Request.
  Time since last request: 105.363729 seconds.
  path: Assets/düşman/kodlar/düşman.cs
  artifactKey: Guid(9e4feb90688a38e48a00c09dd0b8efcd) Importer(815301076,1909f56bfc062723c751e8b465ee728b)
Start importing Assets/düşman/kodlar/düşman.cs using Guid(9e4feb90688a38e48a00c09dd0b8efcd) Importer(815301076,1909f56bfc062723c751e8b465ee728b)  -> (artifact id: 'f1907fa1658f74035934d1aee64dd007') in 0.002245 seconds 
========================================================================
Received Import Request.
  Time since last request: 291.834260 seconds.
  path: Assets/düşman/kodlar/düşman.cs
  artifactKey: Guid(9e4feb90688a38e48a00c09dd0b8efcd) Importer(815301076,1909f56bfc062723c751e8b465ee728b)
Start importing Assets/düşman/kodlar/düşman.cs using Guid(9e4feb90688a38e48a00c09dd0b8efcd) Importer(815301076,1909f56bfc062723c751e8b465ee728b)  -> (artifact id: 'd9797cb315bcdd0e81cabdf405784273') in 0.001981 seconds 
========================================================================
Received Import Request.
  Time since last request: 59.396594 seconds.
  path: Assets/düşman/kodlar/düşman.cs
  artifactKey: Guid(9e4feb90688a38e48a00c09dd0b8efcd) Importer(815301076,1909f56bfc062723c751e8b465ee728b)
Start importing Assets/düşman/kodlar/düşman.cs using Guid(9e4feb90688a38e48a00c09dd0b8efcd) Importer(815301076,1909f56bfc062723c751e8b465ee728b)  -> (artifact id: 'd4f6e598a86c883210e7888385156e06') in 0.001622 seconds 
========================================================================
Received Import Request.
  Time since last request: 24.550620 seconds.
  path: Assets/düşman/kodlar/düşman.cs
  artifactKey: Guid(9e4feb90688a38e48a00c09dd0b8efcd) Importer(815301076,1909f56bfc062723c751e8b465ee728b)
Start importing Assets/düşman/kodlar/düşman.cs using Guid(9e4feb90688a38e48a00c09dd0b8efcd) Importer(815301076,1909f56bfc062723c751e8b465ee728b)  -> (artifact id: '156e7a737a79b05dcecf7324fa5b19c1') in 0.001979 seconds 
========================================================================
Received Import Request.
  Time since last request: 57.159159 seconds.
  path: Assets/düşman/kodlar/düşman.cs
  artifactKey: Guid(9e4feb90688a38e48a00c09dd0b8efcd) Importer(815301076,1909f56bfc062723c751e8b465ee728b)
Start importing Assets/düşman/kodlar/düşman.cs using Guid(9e4feb90688a38e48a00c09dd0b8efcd) Importer(815301076,1909f56bfc062723c751e8b465ee728b)  -> (artifact id: '95ee7012e2a2d66fd3f78490f0b28e24') in 0.001696 seconds 
========================================================================
Received Import Request.
  Time since last request: 13.597163 seconds.
  path: Assets/düşman/kodlar/düşman.cs
  artifactKey: Guid(9e4feb90688a38e48a00c09dd0b8efcd) Importer(815301076,1909f56bfc062723c751e8b465ee728b)
Start importing Assets/düşman/kodlar/düşman.cs using Guid(9e4feb90688a38e48a00c09dd0b8efcd) Importer(815301076,1909f56bfc062723c751e8b465ee728b)  -> (artifact id: '5dbb5de77122a42a50f5812ee47c6ec4') in 0.001766 seconds 
========================================================================
Received Import Request.
  Time since last request: 73.015337 seconds.
  path: Assets/düşman/kodlar/düşman.cs
  artifactKey: Guid(9e4feb90688a38e48a00c09dd0b8efcd) Importer(815301076,1909f56bfc062723c751e8b465ee728b)
Start importing Assets/düşman/kodlar/düşman.cs using Guid(9e4feb90688a38e48a00c09dd0b8efcd) Importer(815301076,1909f56bfc062723c751e8b465ee728b)  -> (artifact id: 'a2555984defd482416e05dc78dc1dc4a') in 0.001765 seconds 
========================================================================
Received Import Request.
  Time since last request: 30.948814 seconds.
  path: Assets/düşman/kodlar/düşman.cs
  artifactKey: Guid(9e4feb90688a38e48a00c09dd0b8efcd) Importer(815301076,1909f56bfc062723c751e8b465ee728b)
Start importing Assets/düşman/kodlar/düşman.cs using Guid(9e4feb90688a38e48a00c09dd0b8efcd) Importer(815301076,1909f56bfc062723c751e8b465ee728b)  -> (artifact id: 'b097b921bb9bb2a1623df6b268101837') in 0.001536 seconds 
========================================================================
Received Import Request.
  Time since last request: 11.500871 seconds.
  path: Assets/düşman/kodlar/düşman.cs
  artifactKey: Guid(9e4feb90688a38e48a00c09dd0b8efcd) Importer(815301076,1909f56bfc062723c751e8b465ee728b)
Start importing Assets/düşman/kodlar/düşman.cs using Guid(9e4feb90688a38e48a00c09dd0b8efcd) Importer(815301076,1909f56bfc062723c751e8b465ee728b)  -> (artifact id: '77707589bb8b465f2a6b273342092015') in 0.001748 seconds 
========================================================================
Received Import Request.
  Time since last request: 24.667373 seconds.
  path: Assets/düşman/kodlar/düşman.cs
  artifactKey: Guid(9e4feb90688a38e48a00c09dd0b8efcd) Importer(815301076,1909f56bfc062723c751e8b465ee728b)
Start importing Assets/düşman/kodlar/düşman.cs using Guid(9e4feb90688a38e48a00c09dd0b8efcd) Importer(815301076,1909f56bfc062723c751e8b465ee728b)  -> (artifact id: 'ff66e38d075e49c929e81845b896fa7b') in 0.001460 seconds 
========================================================================
Received Import Request.
  Time since last request: 35.427326 seconds.
  path: Assets/düşman/kodlar/düşman.cs
  artifactKey: Guid(9e4feb90688a38e48a00c09dd0b8efcd) Importer(815301076,1909f56bfc062723c751e8b465ee728b)
Start importing Assets/düşman/kodlar/düşman.cs using Guid(9e4feb90688a38e48a00c09dd0b8efcd) Importer(815301076,1909f56bfc062723c751e8b465ee728b)  -> (artifact id: '3b01b91f2de8dcd513cb5a84878d8ea2') in 0.001487 seconds 
========================================================================
Received Prepare
Registering precompiled user dll's ...
Registered in 0.004853 seconds.
Begin MonoManager ReloadAssembly
Symbol file LoadedFromMemory doesn't match image E:\porjeoyun\TPS\TPS\Library\PackageCache\com.unity.visualscripting@1.8.0\Editor\VisualScripting.Core\Dependencies\YamlDotNet\Unity.VisualScripting.YamlDotNet.dll
Symbol file LoadedFromMemory doesn't match image E:\porjeoyun\TPS\TPS\Library\PackageCache\com.unity.visualscripting@1.8.0\Editor\VisualScripting.Core\Dependencies\DotNetZip\Unity.VisualScripting.IonicZip.dll
Native extension for WindowsStandalone target not found
Native extension for WebGL target not found
Refreshing native plugins compatible for Editor in 0.86 ms, found 3 plugins.
Preloading 0 native plugins for Editor in 0.00 ms.
Mono: successfully reloaded assembly
- Completed reload, in  1.048 seconds
Domain Reload Profiling:
	ReloadAssembly (1049ms)
		BeginReloadAssembly (138ms)
			ExecutionOrderSort (0ms)
			DisableScriptedObjects (5ms)
			BackupInstance (0ms)
			ReleaseScriptingObjects (0ms)
			CreateAndSetChildDomain (34ms)
		EndReloadAssembly (812ms)
			LoadAssemblies (90ms)
			RebuildTransferFunctionScriptingTraits (0ms)
			SetupTypeCache (337ms)
			ReleaseScriptCaches (1ms)
			RebuildScriptCaches (66ms)
			SetupLoadedEditorAssemblies (272ms)
				LogAssemblyErrors (0ms)
				InitializePlatformSupportModulesInManaged (7ms)
				SetLoadedEditorAssemblies (1ms)
				RefreshPlugins (1ms)
				BeforeProcessingInitializeOnLoad (60ms)
				ProcessInitializeOnLoadAttributes (180ms)
				ProcessInitializeOnLoadMethodAttributes (20ms)
				AfterProcessingInitializeOnLoad (3ms)
				EditorAssembliesLoaded (0ms)
			ExecutionOrderSort2 (0ms)
			AwakeInstancesAfterBackupRestoration (6ms)
Platform modules already initialized, skipping
Refreshing native plugins compatible for Editor in 1.50 ms, found 3 plugins.
Preloading 0 native plugins for Editor in 0.00 ms.
Unloading 3085 Unused Serialized files (Serialized files now loaded: 0)
Unloading 17 unused Assets / (80.4 KB). Loaded Objects now: 3603.
Memory consumption went from 128.5 MB to 128.4 MB.
Total: 2.610100 ms (FindLiveObjects: 0.233800 ms CreateObjectMapping: 0.200400 ms MarkObjects: 2.099100 ms  DeleteObjects: 0.076100 ms)

AssetImportParameters requested are different than current active one (requested -> active):
  custom:video-decoder-ogg-theora: a1e56fd34408186e4bbccfd4996cb3dc -> 
  custom:container-muxer-webm: aa71ff27fc2769a1b78a27578f13a17b -> 
  custom:container-demuxer-webm: 4f35f7cbe854078d1ac9338744f61a02 -> 
  custom:video-encoder-webm-vp8: eb34c28f22e8b96e1ab97ce403110664 -> 
  custom:audio-encoder-webm-vorbis: bf7c407c2cedff20999df2af8eb42d56 -> 
  custom:framework-win-MediaFoundation: 216162199b28c13a410421893ffa2e32 -> 
  custom:container-demuxer-ogg: 62fdf1f143b41e24485cea50d1cbac27 -> 
  custom:video-decoder-webm-vp8: 9c59270c3fd7afecdb556c50c9e8de78 -> 
  custom:audio-decoder-ogg-vorbis: bf7c407c2cedff20999df2af8eb42d56 -> 
